Performing C SOURCE FILE Test CMAKE_HAVE_LIBC_PTHREAD failed with the following output:
Change Dir: /home/sloan/桌面/protobuf_client/CMakeFiles/CMakeTmp

Run Build Command(s):/usr/bin/make cmTC_523f6/fast && /usr/bin/make -f CMakeFiles/cmTC_523f6.dir/build.make CMakeFiles/cmTC_523f6.dir/build
make[1]: 进入目录“/home/sloan/桌面/protobuf_client/CMakeFiles/CMakeTmp”
Building C object CMakeFiles/cmTC_523f6.dir/src.c.o
/usr/bin/cc   -DCMAKE_HAVE_LIBC_PTHREAD   -o CMakeFiles/cmTC_523f6.dir/src.c.o   -c /home/sloan/桌面/protobuf_client/CMakeFiles/CMakeTmp/src.c
Linking C executable cmTC_523f6
/usr/bin/cmake -E cmake_link_script CMakeFiles/cmTC_523f6.dir/link.txt --verbose=1
/usr/bin/cc  -DCMAKE_HAVE_LIBC_PTHREAD    -rdynamic CMakeFiles/cmTC_523f6.dir/src.c.o  -o cmTC_523f6 
/usr/bin/ld: CMakeFiles/cmTC_523f6.dir/src.c.o: in function `main':
src.c:(.text+0x46): undefined reference to `pthread_create'
/usr/bin/ld: src.c:(.text+0x52): undefined reference to `pthread_detach'
/usr/bin/ld: src.c:(.text+0x63): undefined reference to `pthread_join'
collect2: error: ld returned 1 exit status
make[1]: *** [CMakeFiles/cmTC_523f6.dir/build.make:87：cmTC_523f6] 错误 1
make[1]: 离开目录“/home/sloan/桌面/protobuf_client/CMakeFiles/CMakeTmp”
make: *** [Makefile:121：cmTC_523f6/fast] 错误 2


Source file was:
#include <pthread.h>

void* test_func(void* data)
{
  return data;
}

int main(void)
{
  pthread_t thread;
  pthread_create(&thread, NULL, test_func, NULL);
  pthread_detach(thread);
  pthread_join(thread, NULL);
  pthread_atfork(NULL, NULL, NULL);
  pthread_exit(NULL);

  return 0;
}

Determining if the function pthread_create exists in the pthreads failed with the following output:
Change Dir: /home/sloan/桌面/protobuf_client/CMakeFiles/CMakeTmp

Run Build Command(s):/usr/bin/make cmTC_9b5bc/fast && /usr/bin/make -f CMakeFiles/cmTC_9b5bc.dir/build.make CMakeFiles/cmTC_9b5bc.dir/build
make[1]: 进入目录“/home/sloan/桌面/protobuf_client/CMakeFiles/CMakeTmp”
Building C object CMakeFiles/cmTC_9b5bc.dir/CheckFunctionExists.c.o
/usr/bin/cc   -DCHECK_FUNCTION_EXISTS=pthread_create   -o CMakeFiles/cmTC_9b5bc.dir/CheckFunctionExists.c.o   -c /usr/share/cmake-3.16/Modules/CheckFunctionExists.c
Linking C executable cmTC_9b5bc
/usr/bin/cmake -E cmake_link_script CMakeFiles/cmTC_9b5bc.dir/link.txt --verbose=1
/usr/bin/cc  -DCHECK_FUNCTION_EXISTS=pthread_create    -rdynamic CMakeFiles/cmTC_9b5bc.dir/CheckFunctionExists.c.o  -o cmTC_9b5bc  -lpthreads 
/usr/bin/ld: 找不到 -lpthreads
collect2: error: ld returned 1 exit status
make[1]: *** [CMakeFiles/cmTC_9b5bc.dir/build.make:87：cmTC_9b5bc] 错误 1
make[1]: 离开目录“/home/sloan/桌面/protobuf_client/CMakeFiles/CMakeTmp”
make: *** [Makefile:121：cmTC_9b5bc/fast] 错误 2



Performing C SOURCE FILE Test CMAKE_HAVE_LIBC_PTHREAD failed with the following output:
Change Dir: /home/sloan/桌面/udp_client/CMakeFiles/CMakeTmp

Run Build Command(s):/usr/bin/make cmTC_531fc/fast && /usr/bin/make -f CMakeFiles/cmTC_531fc.dir/build.make CMakeFiles/cmTC_531fc.dir/build
make[1]: 进入目录“/home/sloan/桌面/udp_client/CMakeFiles/CMakeTmp”
Building C object CMakeFiles/cmTC_531fc.dir/src.c.o
/usr/bin/cc   -DCMAKE_HAVE_LIBC_PTHREAD   -o CMakeFiles/cmTC_531fc.dir/src.c.o   -c /home/sloan/桌面/udp_client/CMakeFiles/CMakeTmp/src.c
Linking C executable cmTC_531fc
/usr/bin/cmake -E cmake_link_script CMakeFiles/cmTC_531fc.dir/link.txt --verbose=1
/usr/bin/cc  -DCMAKE_HAVE_LIBC_PTHREAD    -rdynamic CMakeFiles/cmTC_531fc.dir/src.c.o  -o cmTC_531fc 
/usr/bin/ld: CMakeFiles/cmTC_531fc.dir/src.c.o: in function `main':
src.c:(.text+0x46): undefined reference to `pthread_create'
/usr/bin/ld: src.c:(.text+0x52): undefined reference to `pthread_detach'
/usr/bin/ld: src.c:(.text+0x63): undefined reference to `pthread_join'
collect2: error: ld returned 1 exit status
make[1]: *** [CMakeFiles/cmTC_531fc.dir/build.make:87：cmTC_531fc] 错误 1
make[1]: 离开目录“/home/sloan/桌面/udp_client/CMakeFiles/CMakeTmp”
make: *** [Makefile:121：cmTC_531fc/fast] 错误 2


Source file was:
#include <pthread.h>

void* test_func(void* data)
{
  return data;
}

int main(void)
{
  pthread_t thread;
  pthread_create(&thread, NULL, test_func, NULL);
  pthread_detach(thread);
  pthread_join(thread, NULL);
  pthread_atfork(NULL, NULL, NULL);
  pthread_exit(NULL);

  return 0;
}

Determining if the function pthread_create exists in the pthreads failed with the following output:
Change Dir: /home/sloan/桌面/udp_client/CMakeFiles/CMakeTmp

Run Build Command(s):/usr/bin/make cmTC_28f2f/fast && /usr/bin/make -f CMakeFiles/cmTC_28f2f.dir/build.make CMakeFiles/cmTC_28f2f.dir/build
make[1]: 进入目录“/home/sloan/桌面/udp_client/CMakeFiles/CMakeTmp”
Building C object CMakeFiles/cmTC_28f2f.dir/CheckFunctionExists.c.o
/usr/bin/cc   -DCHECK_FUNCTION_EXISTS=pthread_create   -o CMakeFiles/cmTC_28f2f.dir/CheckFunctionExists.c.o   -c /usr/share/cmake-3.16/Modules/CheckFunctionExists.c
Linking C executable cmTC_28f2f
/usr/bin/cmake -E cmake_link_script CMakeFiles/cmTC_28f2f.dir/link.txt --verbose=1
/usr/bin/cc  -DCHECK_FUNCTION_EXISTS=pthread_create    -rdynamic CMakeFiles/cmTC_28f2f.dir/CheckFunctionExists.c.o  -o cmTC_28f2f  -lpthreads 
/usr/bin/ld: 找不到 -lpthreads
collect2: error: ld returned 1 exit status
make[1]: *** [CMakeFiles/cmTC_28f2f.dir/build.make:87：cmTC_28f2f] 错误 1
make[1]: 离开目录“/home/sloan/桌面/udp_client/CMakeFiles/CMakeTmp”
make: *** [Makefile:121：cmTC_28f2f/fast] 错误 2



